{"type":"classDef","name":"Main","path":"/C:/Users/Hongo Aki/runtime-EclipseApplication/Exp7/bin/Main.class","loaderPath":"/"},
{"type":"methodEntry","signature":"public static void Main.main(java.lang.String[])","receiver":{"class":"Main","id":0},"args":[{"class":"[Ljava.lang.String;","id":118352462}],"threadId":1,"time":189858565361200},
{"type":"blockEntry","methodSignature":"Main.main(java.lang.String[])","blockId":0,"incomings":0,"threadId":1,"lineNum":3,"time":189858565568400},
{"type":"methodCall","callerSideSignature":"A()","threadId":1,"lineNum":3},
{"type":"classDef","name":"A","path":"/C:/Users/Hongo Aki/runtime-EclipseApplication/Exp7/bin/A.class","loaderPath":"/"},
{"type":"constructorEntry","signature":"public A()","class":"A","args":[],"threadId":1,"time":189858567477500},
{"type":"methodCall","callerSideSignature":"B()","threadId":1,"lineNum":2},
{"type":"classDef","name":"B","path":"/C:/Users/Hongo Aki/runtime-EclipseApplication/Exp7/bin/B.class","loaderPath":"/"},
{"type":"constructorEntry","signature":"public B()","class":"B","args":[],"threadId":1,"time":189858569339600},
{"type":"methodCall","callerSideSignature":"C()","threadId":1,"lineNum":2},
{"type":"classDef","name":"C","path":"/C:/Users/Hongo Aki/runtime-EclipseApplication/Exp7/bin/C.class","loaderPath":"/"},
{"type":"constructorEntry","signature":"public C()","class":"C","args":[],"threadId":1,"time":189858571014700},
{"type":"constructorExit","shortSignature":"C()","returnValue":{"class":"C","id":1550089733},"threadId":1,"time":189858571076800},
{"type":"fieldSet","fieldName":"B.c","container":{"class":"B","id":865113938},"value":{"class":"C","id":1550089733},"threadId":1,"lineNum":2,"time":189858571125500},
{"type":"constructorExit","shortSignature":"B()","returnValue":{"class":"B","id":865113938},"threadId":1,"time":189858571136200},
{"type":"fieldSet","fieldName":"A.b","container":{"class":"A","id":1442407170},"value":{"class":"B","id":865113938},"threadId":1,"lineNum":2,"time":189858571160800},
{"type":"methodCall","callerSideSignature":"D()","threadId":1,"lineNum":3},
{"type":"classDef","name":"D","path":"/C:/Users/Hongo Aki/runtime-EclipseApplication/Exp7/bin/D.class","loaderPath":"/"},
{"type":"constructorEntry","signature":"public D()","class":"D","args":[],"threadId":1,"time":189858572102800},
{"type":"methodCall","callerSideSignature":"E()","threadId":1,"lineNum":2},
{"type":"classDef","name":"E","path":"/C:/Users/Hongo Aki/runtime-EclipseApplication/Exp7/bin/E.class","loaderPath":"/"},
{"type":"constructorEntry","signature":"public E()","class":"E","args":[],"threadId":1,"time":189858572985700},
{"type":"fieldSet","fieldName":"E.c","container":{"class":"E","id":1028566121},"value":{"class":"---","id":0},"threadId":1,"lineNum":2,"time":189858573026600},
{"type":"constructorExit","shortSignature":"E()","returnValue":{"class":"E","id":1028566121},"threadId":1,"time":189858573040900},
{"type":"fieldSet","fieldName":"D.e","container":{"class":"D","id":1118140819},"value":{"class":"E","id":1028566121},"threadId":1,"lineNum":2,"time":189858573076000},
{"type":"constructorExit","shortSignature":"D()","returnValue":{"class":"D","id":1118140819},"threadId":1,"time":189858573084400},
{"type":"fieldSet","fieldName":"A.d","container":{"class":"A","id":1442407170},"value":{"class":"D","id":1118140819},"threadId":1,"lineNum":3,"time":189858573128600},
{"type":"constructorExit","shortSignature":"A()","returnValue":{"class":"A","id":1442407170},"threadId":1,"time":189858573143200},
{"type":"methodCall","callerSideSignature":"A.m()","threadId":1,"lineNum":4},
{"type":"methodEntry","signature":"void A.m()","receiver":{"class":"A","id":1442407170},"args":[],"threadId":1,"time":189858573166200},
{"type":"blockEntry","methodSignature":"A.m()","blockId":0,"incomings":0,"threadId":1,"lineNum":5,"time":189858573178300},
{"type":"fieldGet","fieldName":"A.d","this":{"class":"A","id":1442407170},"container":{"class":"A","id":1442407170},"value":{"class":"D","id":1118140819},"threadId":1,"lineNum":5,"time":189858573192700},
{"type":"fieldGet","fieldName":"A.b","this":{"class":"A","id":1442407170},"container":{"class":"A","id":1442407170},"value":{"class":"B","id":865113938},"threadId":1,"lineNum":5,"time":189858573206000},
{"type":"methodCall","callerSideSignature":"B.getC()","threadId":1,"lineNum":5},
{"type":"methodEntry","signature":"C B.getC()","receiver":{"class":"B","id":865113938},"args":[],"threadId":1,"time":189858573225100},
{"type":"blockEntry","methodSignature":"B.getC()","blockId":0,"incomings":0,"threadId":1,"lineNum":4,"time":189858573231600},
{"type":"fieldGet","fieldName":"B.c","this":{"class":"B","id":865113938},"container":{"class":"B","id":865113938},"value":{"class":"C","id":1550089733},"threadId":1,"lineNum":4,"time":189858573244600},
{"type":"methodExit","shortSignature":"B.getC()","receiver":{"class":"B","id":865113938},"returnValue":{"class":"C","id":1550089733},"threadId":1,"time":189858573257300},
{"type":"methodCall","callerSideSignature":"D.passC(C)","threadId":1,"lineNum":5},
{"type":"methodEntry","signature":"void D.passC(C)","receiver":{"class":"D","id":1118140819},"args":[{"class":"C","id":1550089733}],"threadId":1,"time":189858573277700},
{"type":"blockEntry","methodSignature":"D.passC(C)","blockId":0,"incomings":0,"threadId":1,"lineNum":4,"time":189858573284300},
{"type":"fieldGet","fieldName":"D.e","this":{"class":"D","id":1118140819},"container":{"class":"D","id":1118140819},"value":{"class":"E","id":1028566121},"threadId":1,"lineNum":4,"time":189858573296200},
{"type":"methodCall","callerSideSignature":"E.setC(C)","threadId":1,"lineNum":4},
{"type":"methodEntry","signature":"void E.setC(C)","receiver":{"class":"E","id":1028566121},"args":[{"class":"C","id":1550089733}],"threadId":1,"time":189858573316000},
{"type":"blockEntry","methodSignature":"E.setC(C)","blockId":0,"incomings":0,"threadId":1,"lineNum":4,"time":189858573322200},
{"type":"fieldSet","fieldName":"E.c","container":{"class":"E","id":1028566121},"value":{"class":"C","id":1550089733},"threadId":1,"lineNum":4,"time":189858573333800},
{"type":"methodExit","shortSignature":"E.setC(C)","receiver":{"class":"E","id":1028566121},"returnValue":{"class":"void","id":0},"threadId":1,"time":189858573344200},
{"type":"methodExit","shortSignature":"D.passC(C)","receiver":{"class":"D","id":1118140819},"returnValue":{"class":"void","id":0},"threadId":1,"time":189858573353300},
{"type":"methodExit","shortSignature":"A.m()","receiver":{"class":"A","id":1442407170},"returnValue":{"class":"void","id":0},"threadId":1,"time":189858573384200},
{"type":"methodExit","shortSignature":"Main.main(java.lang.String[])","receiver":{"class":"Main","id":0},"returnValue":{"class":"void","id":0},"threadId":1,"time":189858573425700},
