{"type":"classDef","name":"Main","path":"/C:/Users/Hongo Aki/runtime-EclipseApplication/Exp2/bin/Main.class","loaderPath":"/"},
{"type":"methodEntry","signature":"public static void Main.main(java.lang.String[])","receiver":{"class":"Main","id":0},"args":[{"class":"[Ljava.lang.String;","id":118352462}],"threadId":1,"time":189694992236600},
{"type":"blockEntry","methodSignature":"Main.main(java.lang.String[])","blockId":0,"incomings":0,"threadId":1,"lineNum":3,"time":189694992280600},
{"type":"methodCall","callerSideSignature":"A()","threadId":1,"lineNum":3},
{"type":"classDef","name":"A","path":"/C:/Users/Hongo Aki/runtime-EclipseApplication/Exp2/bin/A.class","loaderPath":"/"},
{"type":"constructorEntry","signature":"public A()","class":"A","args":[],"threadId":1,"time":189694993670900},
{"type":"methodCall","callerSideSignature":"B()","threadId":1,"lineNum":2},
{"type":"classDef","name":"B","path":"/C:/Users/Hongo Aki/runtime-EclipseApplication/Exp2/bin/B.class","loaderPath":"/"},
{"type":"constructorEntry","signature":"public B()","class":"B","args":[],"threadId":1,"time":189694995135400},
{"type":"methodCall","callerSideSignature":"C()","threadId":1,"lineNum":2},
{"type":"classDef","name":"C","path":"/C:/Users/Hongo Aki/runtime-EclipseApplication/Exp2/bin/C.class","loaderPath":"/"},
{"type":"constructorEntry","signature":"public C()","class":"C","args":[],"threadId":1,"time":189694995959200},
{"type":"constructorExit","shortSignature":"C()","returnValue":{"class":"C","id":1550089733},"threadId":1,"time":189694996013700},
{"type":"fieldSet","fieldName":"B.c","container":{"class":"B","id":865113938},"value":{"class":"C","id":1550089733},"threadId":1,"lineNum":2,"time":189694996072700},
{"type":"constructorExit","shortSignature":"B()","returnValue":{"class":"B","id":865113938},"threadId":1,"time":189694996096200},
{"type":"fieldSet","fieldName":"A.b","container":{"class":"A","id":1442407170},"value":{"class":"B","id":865113938},"threadId":1,"lineNum":2,"time":189694996141600},
{"type":"methodCall","callerSideSignature":"D()","threadId":1,"lineNum":3},
{"type":"classDef","name":"D","path":"/C:/Users/Hongo Aki/runtime-EclipseApplication/Exp2/bin/D.class","loaderPath":"/"},
{"type":"constructorEntry","signature":"public D()","class":"D","args":[],"threadId":1,"time":189694997282500},
{"type":"methodCall","callerSideSignature":"E()","threadId":1,"lineNum":2},
{"type":"classDef","name":"E","path":"/C:/Users/Hongo Aki/runtime-EclipseApplication/Exp2/bin/E.class","loaderPath":"/"},
{"type":"constructorEntry","signature":"public E()","class":"E","args":[],"threadId":1,"time":189694998513400},
{"type":"fieldSet","fieldName":"E.c","container":{"class":"E","id":1028566121},"value":{"class":"---","id":0},"threadId":1,"lineNum":2,"time":189694998581500},
{"type":"constructorExit","shortSignature":"E()","returnValue":{"class":"E","id":1028566121},"threadId":1,"time":189694998604400},
{"type":"fieldSet","fieldName":"D.e","container":{"class":"D","id":1118140819},"value":{"class":"E","id":1028566121},"threadId":1,"lineNum":2,"time":189694998666200},
{"type":"constructorExit","shortSignature":"D()","returnValue":{"class":"D","id":1118140819},"threadId":1,"time":189694998696500},
{"type":"fieldSet","fieldName":"A.d","container":{"class":"A","id":1442407170},"value":{"class":"D","id":1118140819},"threadId":1,"lineNum":3,"time":189694998753000},
{"type":"constructorExit","shortSignature":"A()","returnValue":{"class":"A","id":1442407170},"threadId":1,"time":189694998770400},
{"type":"methodCall","callerSideSignature":"A.m()","threadId":1,"lineNum":4},
{"type":"methodEntry","signature":"void A.m()","receiver":{"class":"A","id":1442407170},"args":[],"threadId":1,"time":189694998805100},
{"type":"blockEntry","methodSignature":"A.m()","blockId":0,"incomings":0,"threadId":1,"lineNum":5,"time":189694998824100},
{"type":"fieldGet","fieldName":"A.d","this":{"class":"A","id":1442407170},"container":{"class":"A","id":1442407170},"value":{"class":"D","id":1118140819},"threadId":1,"lineNum":5,"time":189694998848400},
{"type":"fieldGet","fieldName":"A.b","this":{"class":"A","id":1442407170},"container":{"class":"A","id":1442407170},"value":{"class":"B","id":865113938},"threadId":1,"lineNum":5,"time":189694998870400},
{"type":"methodCall","callerSideSignature":"D.passB(B)","threadId":1,"lineNum":5},
{"type":"methodEntry","signature":"void D.passB(B)","receiver":{"class":"D","id":1118140819},"args":[{"class":"B","id":865113938}],"threadId":1,"time":189694998908100},
{"type":"blockEntry","methodSignature":"D.passB(B)","blockId":0,"incomings":0,"threadId":1,"lineNum":4,"time":189694998919500},
{"type":"fieldGet","fieldName":"D.e","this":{"class":"D","id":1118140819},"container":{"class":"D","id":1118140819},"value":{"class":"E","id":1028566121},"threadId":1,"lineNum":4,"time":189694998945900},
{"type":"methodCall","callerSideSignature":"B.getC()","threadId":1,"lineNum":4},
{"type":"methodEntry","signature":"C B.getC()","receiver":{"class":"B","id":865113938},"args":[],"threadId":1,"time":189694998990000},
{"type":"blockEntry","methodSignature":"B.getC()","blockId":0,"incomings":0,"threadId":1,"lineNum":4,"time":189694999001600},
{"type":"fieldGet","fieldName":"B.c","this":{"class":"B","id":865113938},"container":{"class":"B","id":865113938},"value":{"class":"C","id":1550089733},"threadId":1,"lineNum":4,"time":189694999030300},
{"type":"methodExit","shortSignature":"B.getC()","receiver":{"class":"B","id":865113938},"returnValue":{"class":"C","id":1550089733},"threadId":1,"time":189694999047700},
{"type":"methodCall","callerSideSignature":"E.setC(C)","threadId":1,"lineNum":4},
{"type":"methodEntry","signature":"void E.setC(C)","receiver":{"class":"E","id":1028566121},"args":[{"class":"C","id":1550089733}],"threadId":1,"time":189694999083100},
{"type":"blockEntry","methodSignature":"E.setC(C)","blockId":0,"incomings":0,"threadId":1,"lineNum":4,"time":189694999093900},
{"type":"fieldSet","fieldName":"E.c","container":{"class":"E","id":1028566121},"value":{"class":"C","id":1550089733},"threadId":1,"lineNum":4,"time":189694999107800},
{"type":"methodExit","shortSignature":"E.setC(C)","receiver":{"class":"E","id":1028566121},"returnValue":{"class":"void","id":0},"threadId":1,"time":189694999128500},
{"type":"methodExit","shortSignature":"D.passB(B)","receiver":{"class":"D","id":1118140819},"returnValue":{"class":"void","id":0},"threadId":1,"time":189694999146000},
{"type":"methodExit","shortSignature":"A.m()","receiver":{"class":"A","id":1442407170},"returnValue":{"class":"void","id":0},"threadId":1,"time":189694999167300},
{"type":"methodExit","shortSignature":"Main.main(java.lang.String[])","receiver":{"class":"Main","id":0},"returnValue":{"class":"void","id":0},"threadId":1,"time":189694999182700},
