{"type":"classDef","name":"Main","path":"/C:/Users/Hongo Aki/runtime-EclipseApplication/Exp1/bin/Main.class","loaderPath":"/"},
{"type":"methodEntry","signature":"public static void Main.main(java.lang.String[])","receiver":{"class":"Main","id":0},"args":[{"class":"[Ljava.lang.String;","id":118352462}],"threadId":1,"time":189620045371400},
{"type":"blockEntry","methodSignature":"Main.main(java.lang.String[])","blockId":0,"incomings":0,"threadId":1,"lineNum":3,"time":189620045410000},
{"type":"methodCall","callerSideSignature":"A()","threadId":1,"lineNum":3},
{"type":"classDef","name":"A","path":"/C:/Users/Hongo Aki/runtime-EclipseApplication/Exp1/bin/A.class","loaderPath":"/"},
{"type":"constructorEntry","signature":"public A()","class":"A","args":[],"threadId":1,"time":189620047294000},
{"type":"methodCall","callerSideSignature":"B()","threadId":1,"lineNum":2},
{"type":"classDef","name":"B","path":"/C:/Users/Hongo Aki/runtime-EclipseApplication/Exp1/bin/B.class","loaderPath":"/"},
{"type":"constructorEntry","signature":"public B()","class":"B","args":[],"threadId":1,"time":189620049394000},
{"type":"methodCall","callerSideSignature":"C()","threadId":1,"lineNum":2},
{"type":"classDef","name":"C","path":"/C:/Users/Hongo Aki/runtime-EclipseApplication/Exp1/bin/C.class","loaderPath":"/"},
{"type":"constructorEntry","signature":"public C()","class":"C","args":[],"threadId":1,"time":189620050239200},
{"type":"constructorExit","shortSignature":"C()","returnValue":{"class":"C","id":1550089733},"threadId":1,"time":189620050287500},
{"type":"fieldSet","fieldName":"B.c","container":{"class":"B","id":865113938},"value":{"class":"C","id":1550089733},"threadId":1,"lineNum":2,"time":189620050340800},
{"type":"constructorExit","shortSignature":"B()","returnValue":{"class":"B","id":865113938},"threadId":1,"time":189620050355900},
{"type":"fieldSet","fieldName":"A.b","container":{"class":"A","id":1442407170},"value":{"class":"B","id":865113938},"threadId":1,"lineNum":2,"time":189620050394900},
{"type":"methodCall","callerSideSignature":"D()","threadId":1,"lineNum":3},
{"type":"classDef","name":"D","path":"/C:/Users/Hongo Aki/runtime-EclipseApplication/Exp1/bin/D.class","loaderPath":"/"},
{"type":"constructorEntry","signature":"public D()","class":"D","args":[],"threadId":1,"time":189620051559200},
{"type":"methodCall","callerSideSignature":"E()","threadId":1,"lineNum":2},
{"type":"classDef","name":"E","path":"/C:/Users/Hongo Aki/runtime-EclipseApplication/Exp1/bin/E.class","loaderPath":"/"},
{"type":"constructorEntry","signature":"public E()","class":"E","args":[],"threadId":1,"time":189620053171200},
{"type":"fieldSet","fieldName":"E.c","container":{"class":"E","id":1028566121},"value":{"class":"---","id":0},"threadId":1,"lineNum":2,"time":189620053238100},
{"type":"constructorExit","shortSignature":"E()","returnValue":{"class":"E","id":1028566121},"threadId":1,"time":189620053263200},
{"type":"fieldSet","fieldName":"D.e","container":{"class":"D","id":1118140819},"value":{"class":"E","id":1028566121},"threadId":1,"lineNum":2,"time":189620054266600},
{"type":"constructorExit","shortSignature":"D()","returnValue":{"class":"D","id":1118140819},"threadId":1,"time":189620054295500},
{"type":"fieldSet","fieldName":"A.d","container":{"class":"A","id":1442407170},"value":{"class":"D","id":1118140819},"threadId":1,"lineNum":3,"time":189620054571400},
{"type":"constructorExit","shortSignature":"A()","returnValue":{"class":"A","id":1442407170},"threadId":1,"time":189620054598500},
{"type":"methodCall","callerSideSignature":"A.m()","threadId":1,"lineNum":4},
{"type":"methodEntry","signature":"void A.m()","receiver":{"class":"A","id":1442407170},"args":[],"threadId":1,"time":189620054640100},
{"type":"blockEntry","methodSignature":"A.m()","blockId":0,"incomings":0,"threadId":1,"lineNum":5,"time":189620054655000},
{"type":"fieldGet","fieldName":"A.d","this":{"class":"A","id":1442407170},"container":{"class":"A","id":1442407170},"value":{"class":"D","id":1118140819},"threadId":1,"lineNum":5,"time":189620054673800},
{"type":"methodCall","callerSideSignature":"D.passA(A)","threadId":1,"lineNum":5},
{"type":"methodEntry","signature":"void D.passA(A)","receiver":{"class":"D","id":1118140819},"args":[{"class":"A","id":1442407170}],"threadId":1,"time":189620054708300},
{"type":"blockEntry","methodSignature":"D.passA(A)","blockId":0,"incomings":0,"threadId":1,"lineNum":4,"time":189620054719000},
{"type":"fieldGet","fieldName":"D.e","this":{"class":"D","id":1118140819},"container":{"class":"D","id":1118140819},"value":{"class":"E","id":1028566121},"threadId":1,"lineNum":4,"time":189620054736400},
{"type":"methodCall","callerSideSignature":"E.passA(A)","threadId":1,"lineNum":4},
{"type":"methodEntry","signature":"void E.passA(A)","receiver":{"class":"E","id":1028566121},"args":[{"class":"A","id":1442407170}],"threadId":1,"time":189620054765900},
{"type":"blockEntry","methodSignature":"E.passA(A)","blockId":0,"incomings":0,"threadId":1,"lineNum":4,"time":189620054775400},
{"type":"methodCall","callerSideSignature":"A.getB()","threadId":1,"lineNum":4},
{"type":"methodEntry","signature":"B A.getB()","receiver":{"class":"A","id":1442407170},"args":[],"threadId":1,"time":189620054802000},
{"type":"blockEntry","methodSignature":"A.getB()","blockId":0,"incomings":0,"threadId":1,"lineNum":8,"time":189620054811200},
{"type":"fieldGet","fieldName":"A.b","this":{"class":"A","id":1442407170},"container":{"class":"A","id":1442407170},"value":{"class":"B","id":865113938},"threadId":1,"lineNum":8,"time":189620054832400},
{"type":"methodExit","shortSignature":"A.getB()","receiver":{"class":"A","id":1442407170},"returnValue":{"class":"B","id":865113938},"threadId":1,"time":189620054847200},
{"type":"methodCall","callerSideSignature":"B.getC()","threadId":1,"lineNum":4},
{"type":"methodEntry","signature":"C B.getC()","receiver":{"class":"B","id":865113938},"args":[],"threadId":1,"time":189620054873400},
{"type":"blockEntry","methodSignature":"B.getC()","blockId":0,"incomings":0,"threadId":1,"lineNum":4,"time":189620054882500},
{"type":"fieldGet","fieldName":"B.c","this":{"class":"B","id":865113938},"container":{"class":"B","id":865113938},"value":{"class":"C","id":1550089733},"threadId":1,"lineNum":4,"time":189620054898600},
{"type":"methodExit","shortSignature":"B.getC()","receiver":{"class":"B","id":865113938},"returnValue":{"class":"C","id":1550089733},"threadId":1,"time":189620054915400},
{"type":"fieldSet","fieldName":"E.c","container":{"class":"E","id":1028566121},"value":{"class":"C","id":1550089733},"threadId":1,"lineNum":4,"time":189620054930000},
{"type":"methodExit","shortSignature":"E.passA(A)","receiver":{"class":"E","id":1028566121},"returnValue":{"class":"void","id":0},"threadId":1,"time":189620054945000},
{"type":"methodExit","shortSignature":"D.passA(A)","receiver":{"class":"D","id":1118140819},"returnValue":{"class":"void","id":0},"threadId":1,"time":189620054961900},
{"type":"methodExit","shortSignature":"A.m()","receiver":{"class":"A","id":1442407170},"returnValue":{"class":"void","id":0},"threadId":1,"time":189620054974600},
{"type":"methodExit","shortSignature":"Main.main(java.lang.String[])","receiver":{"class":"Main","id":0},"returnValue":{"class":"void","id":0},"threadId":1,"time":189620054989000},
