{"type":"classDef","name":"Main","path":"/C:/Users/Hongo Aki/runtime-EclipseApplication/Exp4/bin/Main.class","loaderPath":"/"},
{"type":"methodEntry","signature":"public static void Main.main(java.lang.String[])","receiver":{"class":"Main","id":0},"args":[{"class":"[Ljava.lang.String;","id":118352462}],"threadId":1,"time":189767951131800},
{"type":"blockEntry","methodSignature":"Main.main(java.lang.String[])","blockId":0,"incomings":0,"threadId":1,"lineNum":3,"time":189767951158500},
{"type":"methodCall","callerSideSignature":"A()","threadId":1,"lineNum":3},
{"type":"classDef","name":"A","path":"/C:/Users/Hongo Aki/runtime-EclipseApplication/Exp4/bin/A.class","loaderPath":"/"},
{"type":"constructorEntry","signature":"public A()","class":"A","args":[],"threadId":1,"time":189767952335300},
{"type":"methodCall","callerSideSignature":"B()","threadId":1,"lineNum":2},
{"type":"classDef","name":"B","path":"/C:/Users/Hongo Aki/runtime-EclipseApplication/Exp4/bin/B.class","loaderPath":"/"},
{"type":"constructorEntry","signature":"public B()","class":"B","args":[],"threadId":1,"time":189767953475400},
{"type":"methodCall","callerSideSignature":"C()","threadId":1,"lineNum":2},
{"type":"classDef","name":"C","path":"/C:/Users/Hongo Aki/runtime-EclipseApplication/Exp4/bin/C.class","loaderPath":"/"},
{"type":"constructorEntry","signature":"public C()","class":"C","args":[],"threadId":1,"time":189767954169300},
{"type":"constructorExit","shortSignature":"C()","returnValue":{"class":"C","id":1550089733},"threadId":1,"time":189767954204100},
{"type":"fieldSet","fieldName":"B.c","container":{"class":"B","id":865113938},"value":{"class":"C","id":1550089733},"threadId":1,"lineNum":2,"time":189767954239000},
{"type":"constructorExit","shortSignature":"B()","returnValue":{"class":"B","id":865113938},"threadId":1,"time":189767954248800},
{"type":"fieldSet","fieldName":"A.b","container":{"class":"A","id":1442407170},"value":{"class":"B","id":865113938},"threadId":1,"lineNum":2,"time":189767954272900},
{"type":"methodCall","callerSideSignature":"D()","threadId":1,"lineNum":3},
{"type":"classDef","name":"D","path":"/C:/Users/Hongo Aki/runtime-EclipseApplication/Exp4/bin/D.class","loaderPath":"/"},
{"type":"constructorEntry","signature":"public D()","class":"D","args":[],"threadId":1,"time":189767955075700},
{"type":"methodCall","callerSideSignature":"E()","threadId":1,"lineNum":2},
{"type":"classDef","name":"E","path":"/C:/Users/Hongo Aki/runtime-EclipseApplication/Exp4/bin/E.class","loaderPath":"/"},
{"type":"constructorEntry","signature":"public E()","class":"E","args":[],"threadId":1,"time":189767955942600},
{"type":"fieldSet","fieldName":"E.c","container":{"class":"E","id":1028566121},"value":{"class":"---","id":0},"threadId":1,"lineNum":2,"time":189767955986000},
{"type":"constructorExit","shortSignature":"E()","returnValue":{"class":"E","id":1028566121},"threadId":1,"time":189767955996200},
{"type":"fieldSet","fieldName":"D.e","container":{"class":"D","id":1118140819},"value":{"class":"E","id":1028566121},"threadId":1,"lineNum":2,"time":189767956038400},
{"type":"constructorExit","shortSignature":"D()","returnValue":{"class":"D","id":1118140819},"threadId":1,"time":189767956068300},
{"type":"fieldSet","fieldName":"A.d","container":{"class":"A","id":1442407170},"value":{"class":"D","id":1118140819},"threadId":1,"lineNum":3,"time":189767956127300},
{"type":"constructorExit","shortSignature":"A()","returnValue":{"class":"A","id":1442407170},"threadId":1,"time":189767956160500},
{"type":"methodCall","callerSideSignature":"A.m()","threadId":1,"lineNum":4},
{"type":"methodEntry","signature":"void A.m()","receiver":{"class":"A","id":1442407170},"args":[],"threadId":1,"time":189767956194300},
{"type":"blockEntry","methodSignature":"A.m()","blockId":0,"incomings":0,"threadId":1,"lineNum":5,"time":189767956212300},
{"type":"fieldGet","fieldName":"A.d","this":{"class":"A","id":1442407170},"container":{"class":"A","id":1442407170},"value":{"class":"D","id":1118140819},"threadId":1,"lineNum":5,"time":189767956227700},
{"type":"methodCall","callerSideSignature":"D.getE()","threadId":1,"lineNum":5},
{"type":"methodEntry","signature":"E D.getE()","receiver":{"class":"D","id":1118140819},"args":[],"threadId":1,"time":189767956244400},
{"type":"blockEntry","methodSignature":"D.getE()","blockId":0,"incomings":0,"threadId":1,"lineNum":4,"time":189767956254100},
{"type":"fieldGet","fieldName":"D.e","this":{"class":"D","id":1118140819},"container":{"class":"D","id":1118140819},"value":{"class":"E","id":1028566121},"threadId":1,"lineNum":4,"time":189767956267000},
{"type":"methodExit","shortSignature":"D.getE()","receiver":{"class":"D","id":1118140819},"returnValue":{"class":"E","id":1028566121},"threadId":1,"time":189767956277600},
{"type":"fieldGet","fieldName":"A.b","this":{"class":"A","id":1442407170},"container":{"class":"A","id":1442407170},"value":{"class":"B","id":865113938},"threadId":1,"lineNum":5,"time":189767956291500},
{"type":"methodCall","callerSideSignature":"B.getC()","threadId":1,"lineNum":5},
{"type":"methodEntry","signature":"C B.getC()","receiver":{"class":"B","id":865113938},"args":[],"threadId":1,"time":189767956311900},
{"type":"blockEntry","methodSignature":"B.getC()","blockId":0,"incomings":0,"threadId":1,"lineNum":4,"time":189767956321000},
{"type":"fieldGet","fieldName":"B.c","this":{"class":"B","id":865113938},"container":{"class":"B","id":865113938},"value":{"class":"C","id":1550089733},"threadId":1,"lineNum":4,"time":189767956342700},
{"type":"methodExit","shortSignature":"B.getC()","receiver":{"class":"B","id":865113938},"returnValue":{"class":"C","id":1550089733},"threadId":1,"time":189767956354400},
{"type":"methodCall","callerSideSignature":"E.setC(C)","threadId":1,"lineNum":5},
{"type":"methodEntry","signature":"void E.setC(C)","receiver":{"class":"E","id":1028566121},"args":[{"class":"C","id":1550089733}],"threadId":1,"time":189767956428100},
{"type":"blockEntry","methodSignature":"E.setC(C)","blockId":0,"incomings":0,"threadId":1,"lineNum":4,"time":189767956451700},
{"type":"fieldSet","fieldName":"E.c","container":{"class":"E","id":1028566121},"value":{"class":"C","id":1550089733},"threadId":1,"lineNum":4,"time":189767956472600},
{"type":"methodExit","shortSignature":"E.setC(C)","receiver":{"class":"E","id":1028566121},"returnValue":{"class":"void","id":0},"threadId":1,"time":189767956484400},
{"type":"methodExit","shortSignature":"A.m()","receiver":{"class":"A","id":1442407170},"returnValue":{"class":"void","id":0},"threadId":1,"time":189767956497800},
{"type":"methodExit","shortSignature":"Main.main(java.lang.String[])","receiver":{"class":"Main","id":0},"returnValue":{"class":"void","id":0},"threadId":1,"time":189767956508100},
