{"type":"classDef","name":"Main","path":"/C:/Users/Hongo Aki/runtime-EclipseApplication/Exp5/bin/Main.class","loaderPath":"/"},
{"type":"methodEntry","signature":"public static void Main.main(java.lang.String[])","receiver":{"class":"Main","id":0},"args":[{"class":"[Ljava.lang.String;","id":118352462}],"threadId":1,"time":189800651375600},
{"type":"blockEntry","methodSignature":"Main.main(java.lang.String[])","blockId":0,"incomings":0,"threadId":1,"lineNum":3,"time":189800651403100},
{"type":"methodCall","callerSideSignature":"A()","threadId":1,"lineNum":3},
{"type":"classDef","name":"A","path":"/C:/Users/Hongo Aki/runtime-EclipseApplication/Exp5/bin/A.class","loaderPath":"/"},
{"type":"constructorEntry","signature":"public A()","class":"A","args":[],"threadId":1,"time":189800653189600},
{"type":"methodCall","callerSideSignature":"B()","threadId":1,"lineNum":2},
{"type":"classDef","name":"B","path":"/C:/Users/Hongo Aki/runtime-EclipseApplication/Exp5/bin/B.class","loaderPath":"/"},
{"type":"constructorEntry","signature":"public B()","class":"B","args":[],"threadId":1,"time":189800654886300},
{"type":"methodCall","callerSideSignature":"C()","threadId":1,"lineNum":2},
{"type":"classDef","name":"C","path":"/C:/Users/Hongo Aki/runtime-EclipseApplication/Exp5/bin/C.class","loaderPath":"/"},
{"type":"constructorEntry","signature":"public C()","class":"C","args":[],"threadId":1,"time":189800656051200},
{"type":"constructorExit","shortSignature":"C()","returnValue":{"class":"C","id":1550089733},"threadId":1,"time":189800656141300},
{"type":"fieldSet","fieldName":"B.c","container":{"class":"B","id":865113938},"value":{"class":"C","id":1550089733},"threadId":1,"lineNum":2,"time":189800656197300},
{"type":"constructorExit","shortSignature":"B()","returnValue":{"class":"B","id":865113938},"threadId":1,"time":189800656214100},
{"type":"fieldSet","fieldName":"A.b","container":{"class":"A","id":1442407170},"value":{"class":"B","id":865113938},"threadId":1,"lineNum":2,"time":189800656260000},
{"type":"methodCall","callerSideSignature":"D()","threadId":1,"lineNum":3},
{"type":"classDef","name":"D","path":"/C:/Users/Hongo Aki/runtime-EclipseApplication/Exp5/bin/D.class","loaderPath":"/"},
{"type":"constructorEntry","signature":"public D()","class":"D","args":[],"threadId":1,"time":189800657478200},
{"type":"methodCall","callerSideSignature":"E()","threadId":1,"lineNum":2},
{"type":"classDef","name":"E","path":"/C:/Users/Hongo Aki/runtime-EclipseApplication/Exp5/bin/E.class","loaderPath":"/"},
{"type":"constructorEntry","signature":"public E()","class":"E","args":[],"threadId":1,"time":189800658522100},
{"type":"fieldSet","fieldName":"E.c","container":{"class":"E","id":1028566121},"value":{"class":"---","id":0},"threadId":1,"lineNum":2,"time":189800658568700},
{"type":"constructorExit","shortSignature":"E()","returnValue":{"class":"E","id":1028566121},"threadId":1,"time":189800658579100},
{"type":"fieldSet","fieldName":"D.e","container":{"class":"D","id":1118140819},"value":{"class":"E","id":1028566121},"threadId":1,"lineNum":2,"time":189800658622100},
{"type":"constructorExit","shortSignature":"D()","returnValue":{"class":"D","id":1118140819},"threadId":1,"time":189800658658000},
{"type":"fieldSet","fieldName":"A.d","container":{"class":"A","id":1442407170},"value":{"class":"D","id":1118140819},"threadId":1,"lineNum":3,"time":189800658697200},
{"type":"constructorExit","shortSignature":"A()","returnValue":{"class":"A","id":1442407170},"threadId":1,"time":189800658711500},
{"type":"methodCall","callerSideSignature":"A.m()","threadId":1,"lineNum":4},
{"type":"methodEntry","signature":"void A.m()","receiver":{"class":"A","id":1442407170},"args":[],"threadId":1,"time":189800658766900},
{"type":"blockEntry","methodSignature":"A.m()","blockId":0,"incomings":0,"threadId":1,"lineNum":5,"time":189800658785200},
{"type":"fieldGet","fieldName":"A.b","this":{"class":"A","id":1442407170},"container":{"class":"A","id":1442407170},"value":{"class":"B","id":865113938},"threadId":1,"lineNum":5,"time":189800658813000},
{"type":"methodCall","callerSideSignature":"B.setA(A)","threadId":1,"lineNum":5},
{"type":"methodEntry","signature":"void B.setA(A)","receiver":{"class":"B","id":865113938},"args":[{"class":"A","id":1442407170}],"threadId":1,"time":189800658846000},
{"type":"blockEntry","methodSignature":"B.setA(A)","blockId":0,"incomings":0,"threadId":1,"lineNum":4,"time":189800658859800},
{"type":"fieldGet","fieldName":"B.c","this":{"class":"B","id":865113938},"container":{"class":"B","id":865113938},"value":{"class":"C","id":1550089733},"threadId":1,"lineNum":4,"time":189800658879800},
{"type":"methodCall","callerSideSignature":"C.setA(A)","threadId":1,"lineNum":4},
{"type":"methodEntry","signature":"void C.setA(A)","receiver":{"class":"C","id":1550089733},"args":[{"class":"A","id":1442407170}],"threadId":1,"time":189800658931800},
{"type":"blockEntry","methodSignature":"C.setA(A)","blockId":0,"incomings":0,"threadId":1,"lineNum":3,"time":189800658945200},
{"type":"methodCall","callerSideSignature":"A.getD()","threadId":1,"lineNum":3},
{"type":"methodEntry","signature":"D A.getD()","receiver":{"class":"A","id":1442407170},"args":[],"threadId":1,"time":189800658971000},
{"type":"blockEntry","methodSignature":"A.getD()","blockId":0,"incomings":0,"threadId":1,"lineNum":8,"time":189800658984700},
{"type":"fieldGet","fieldName":"A.d","this":{"class":"A","id":1442407170},"container":{"class":"A","id":1442407170},"value":{"class":"D","id":1118140819},"threadId":1,"lineNum":8,"time":189800659003800},
{"type":"methodExit","shortSignature":"A.getD()","receiver":{"class":"A","id":1442407170},"returnValue":{"class":"D","id":1118140819},"threadId":1,"time":189800659022800},
{"type":"methodCall","callerSideSignature":"D.setC(C)","threadId":1,"lineNum":3},
{"type":"methodEntry","signature":"void D.setC(C)","receiver":{"class":"D","id":1118140819},"args":[{"class":"C","id":1550089733}],"threadId":1,"time":189800659057300},
{"type":"blockEntry","methodSignature":"D.setC(C)","blockId":0,"incomings":0,"threadId":1,"lineNum":4,"time":189800659068300},
{"type":"fieldGet","fieldName":"D.e","this":{"class":"D","id":1118140819},"container":{"class":"D","id":1118140819},"value":{"class":"E","id":1028566121},"threadId":1,"lineNum":4,"time":189800659091300},
{"type":"methodCall","callerSideSignature":"E.setC(C)","threadId":1,"lineNum":4},
{"type":"methodEntry","signature":"void E.setC(C)","receiver":{"class":"E","id":1028566121},"args":[{"class":"C","id":1550089733}],"threadId":1,"time":189800659122900},
{"type":"blockEntry","methodSignature":"E.setC(C)","blockId":0,"incomings":0,"threadId":1,"lineNum":4,"time":189800659137100},
{"type":"fieldSet","fieldName":"E.c","container":{"class":"E","id":1028566121},"value":{"class":"C","id":1550089733},"threadId":1,"lineNum":4,"time":189800659150600},
{"type":"methodExit","shortSignature":"E.setC(C)","receiver":{"class":"E","id":1028566121},"returnValue":{"class":"void","id":0},"threadId":1,"time":189800659166500},
{"type":"methodExit","shortSignature":"D.setC(C)","receiver":{"class":"D","id":1118140819},"returnValue":{"class":"void","id":0},"threadId":1,"time":189800659184200},
{"type":"methodExit","shortSignature":"C.setA(A)","receiver":{"class":"C","id":1550089733},"returnValue":{"class":"void","id":0},"threadId":1,"time":189800659198800},
{"type":"methodExit","shortSignature":"B.setA(A)","receiver":{"class":"B","id":865113938},"returnValue":{"class":"void","id":0},"threadId":1,"time":189800659216600},
{"type":"methodExit","shortSignature":"A.m()","receiver":{"class":"A","id":1442407170},"returnValue":{"class":"void","id":0},"threadId":1,"time":189800659230900},
{"type":"methodExit","shortSignature":"Main.main(java.lang.String[])","receiver":{"class":"Main","id":0},"returnValue":{"class":"void","id":0},"threadId":1,"time":189800659242200},
