{"type":"classDef","name":"Main","path":"/C:/Users/Hongo Aki/runtime-EclipseApplication/Exp3/bin/Main.class","loaderPath":"/"},
{"type":"constructorEntry","signature":"static Main.<clinit>()","class":"Main","args":[],"threadId":1,"time":189735062981900},
{"type":"constructorExit","shortSignature":"Main.<clinit>()","returnValue":{"class":"void","id":0},"threadId":1,"time":189735083665400},
{"type":"methodEntry","signature":"public static void Main.main(java.lang.String[])","receiver":{"class":"Main","id":0},"args":[{"class":"[Ljava.lang.String;","id":118352462}],"threadId":1,"time":189735083861000},
{"type":"methodCall","callerSideSignature":"A()","threadId":1,"lineNum":3},
{"type":"classDef","name":"A","path":"/C:/Users/Hongo Aki/runtime-EclipseApplication/Exp3/bin/A.class","loaderPath":"/"},
{"type":"constructorEntry","signature":"static A.<clinit>()","class":"A","args":[],"threadId":1,"time":189735114328000},
{"type":"constructorExit","shortSignature":"A.<clinit>()","returnValue":{"class":"void","id":0},"threadId":1,"time":189735114353200},
{"type":"constructorEntry","signature":"public A()","class":"A","args":[],"threadId":1,"time":189735114364000},
{"type":"methodCall","callerSideSignature":"B()","threadId":1,"lineNum":2},
{"type":"classDef","name":"B","path":"/C:/Users/Hongo Aki/runtime-EclipseApplication/Exp3/bin/B.class","loaderPath":"/"},
{"type":"constructorEntry","signature":"static B.<clinit>()","class":"B","args":[],"threadId":1,"time":189735115290200},
{"type":"constructorExit","shortSignature":"B.<clinit>()","returnValue":{"class":"void","id":0},"threadId":1,"time":189735115313100},
{"type":"constructorEntry","signature":"public B()","class":"B","args":[],"threadId":1,"time":189735115326100},
{"type":"methodCall","callerSideSignature":"C()","threadId":1,"lineNum":2},
{"type":"classDef","name":"C","path":"/C:/Users/Hongo Aki/runtime-EclipseApplication/Exp3/bin/C.class","loaderPath":"/"},
{"type":"constructorEntry","signature":"static C.<clinit>()","class":"C","args":[],"threadId":1,"time":189735116072700},
{"type":"constructorExit","shortSignature":"C.<clinit>()","returnValue":{"class":"void","id":0},"threadId":1,"time":189735116101300},
{"type":"constructorEntry","signature":"public C()","class":"C","args":[],"threadId":1,"time":189735116112400},
{"type":"constructorExit","shortSignature":"C()","returnValue":{"class":"C","id":1550089733},"threadId":1,"time":189735116247600},
{"type":"fieldSet","fieldName":"B.c","container":{"class":"B","id":865113938},"value":{"class":"C","id":1550089733},"threadId":1,"lineNum":2,"time":189735116280300},
{"type":"constructorExit","shortSignature":"B()","returnValue":{"class":"B","id":865113938},"threadId":1,"time":189735116469300},
{"type":"fieldSet","fieldName":"A.b","container":{"class":"A","id":1442407170},"value":{"class":"B","id":865113938},"threadId":1,"lineNum":2,"time":189735116510000},
{"type":"methodCall","callerSideSignature":"D()","threadId":1,"lineNum":3},
{"type":"classDef","name":"D","path":"/C:/Users/Hongo Aki/runtime-EclipseApplication/Exp3/bin/D.class","loaderPath":"/"},
{"type":"constructorEntry","signature":"static D.<clinit>()","class":"D","args":[],"threadId":1,"time":189735117552400},
{"type":"constructorExit","shortSignature":"D.<clinit>()","returnValue":{"class":"void","id":0},"threadId":1,"time":189735117575000},
{"type":"constructorEntry","signature":"public D()","class":"D","args":[],"threadId":1,"time":189735117588100},
{"type":"methodCall","callerSideSignature":"E()","threadId":1,"lineNum":2},
{"type":"classDef","name":"E","path":"/C:/Users/Hongo Aki/runtime-EclipseApplication/Exp3/bin/E.class","loaderPath":"/"},
{"type":"constructorEntry","signature":"static E.<clinit>()","class":"E","args":[],"threadId":1,"time":189735118603200},
{"type":"constructorExit","shortSignature":"E.<clinit>()","returnValue":{"class":"void","id":0},"threadId":1,"time":189735118642200},
{"type":"constructorEntry","signature":"public E()","class":"E","args":[],"threadId":1,"time":189735118661300},
{"type":"fieldSet","fieldName":"E.c","container":{"class":"E","id":1028566121},"value":{"class":"---","id":0},"threadId":1,"lineNum":2,"time":189735118769300},
{"type":"constructorExit","shortSignature":"E()","returnValue":{"class":"E","id":1028566121},"threadId":1,"time":189735118863200},
{"type":"fieldSet","fieldName":"D.e","container":{"class":"D","id":1118140819},"value":{"class":"E","id":1028566121},"threadId":1,"lineNum":2,"time":189735118907700},
{"type":"constructorExit","shortSignature":"D()","returnValue":{"class":"D","id":1118140819},"threadId":1,"time":189735118961100},
{"type":"fieldSet","fieldName":"A.d","container":{"class":"A","id":1442407170},"value":{"class":"D","id":1118140819},"threadId":1,"lineNum":3,"time":189735118979000},
{"type":"constructorExit","shortSignature":"A()","returnValue":{"class":"A","id":1442407170},"threadId":1,"time":189735119037000},
{"type":"methodCall","callerSideSignature":"A.m()","threadId":1,"lineNum":4},
{"type":"methodEntry","signature":"void A.m()","receiver":{"class":"A","id":1442407170},"args":[],"threadId":1,"time":189735119076100},
{"type":"fieldGet","fieldName":"A.d","this":{"class":"A","id":1442407170},"container":{"class":"A","id":1442407170},"value":{"class":"D","id":1118140819},"threadId":1,"lineNum":5,"time":189735119170300},
{"type":"fieldGet","fieldName":"A.b","this":{"class":"A","id":1442407170},"container":{"class":"A","id":1442407170},"value":{"class":"B","id":865113938},"threadId":1,"lineNum":5,"time":189735119475100},
{"type":"methodCall","callerSideSignature":"D.passB(B)","threadId":1,"lineNum":5},
{"type":"methodEntry","signature":"void D.passB(B)","receiver":{"class":"D","id":1118140819},"args":[{"class":"B","id":865113938}],"threadId":1,"time":189735119523900},
{"type":"methodCall","callerSideSignature":"B.getC()","threadId":1,"lineNum":4},
{"type":"methodEntry","signature":"C B.getC()","receiver":{"class":"B","id":865113938},"args":[],"threadId":1,"time":189735125606200},
{"type":"fieldGet","fieldName":"B.c","this":{"class":"B","id":865113938},"container":{"class":"B","id":865113938},"value":{"class":"C","id":1550089733},"threadId":1,"lineNum":4,"time":189735125650200},
{"type":"methodExit","shortSignature":"B.getC()","receiver":{"class":"B","id":865113938},"returnValue":{"class":"C","id":1550089733},"threadId":1,"time":189735125708400},
{"type":"methodCall","callerSideSignature":"C.passD(D)","threadId":1,"lineNum":4},
{"type":"methodEntry","signature":"void C.passD(D)","receiver":{"class":"C","id":1550089733},"args":[{"class":"D","id":1118140819}],"threadId":1,"time":189735125742600},
{"type":"methodCall","callerSideSignature":"D.getE()","threadId":1,"lineNum":3},
{"type":"methodEntry","signature":"E D.getE()","receiver":{"class":"D","id":1118140819},"args":[],"threadId":1,"time":189735125807000},
{"type":"fieldGet","fieldName":"D.e","this":{"class":"D","id":1118140819},"container":{"class":"D","id":1118140819},"value":{"class":"E","id":1028566121},"threadId":1,"lineNum":7,"time":189735125847000},
{"type":"methodExit","shortSignature":"D.getE()","receiver":{"class":"D","id":1118140819},"returnValue":{"class":"E","id":1028566121},"threadId":1,"time":189735125900500},
{"type":"methodCall","callerSideSignature":"E.setC(C)","threadId":1,"lineNum":3},
{"type":"methodEntry","signature":"void E.setC(C)","receiver":{"class":"E","id":1028566121},"args":[{"class":"C","id":1550089733}],"threadId":1,"time":189735125929800},
{"type":"fieldSet","fieldName":"E.c","container":{"class":"E","id":1028566121},"value":{"class":"C","id":1550089733},"threadId":1,"lineNum":4,"time":189735125980700},
{"type":"methodExit","shortSignature":"E.setC(C)","receiver":{"class":"E","id":1028566121},"returnValue":{"class":"void","id":0},"threadId":1,"time":189735126042500},
{"type":"methodExit","shortSignature":"C.passD(D)","receiver":{"class":"C","id":1550089733},"returnValue":{"class":"void","id":0},"threadId":1,"time":189735126092200},
{"type":"methodExit","shortSignature":"D.passB(B)","receiver":{"class":"D","id":1118140819},"returnValue":{"class":"void","id":0},"threadId":1,"time":189735126127000},
{"type":"methodExit","shortSignature":"A.m()","receiver":{"class":"A","id":1442407170},"returnValue":{"class":"void","id":0},"threadId":1,"time":189735126177300},
{"type":"methodExit","shortSignature":"Main.main(java.lang.String[])","receiver":{"class":"Main","id":0},"returnValue":{"class":"void","id":0},"threadId":1,"time":189735126242900},
